Compose can now delegate builds to bake for better performance.
 To do so, set COMPOSE_BAKE=true.
#0 building with "default" instance using docker driver

#1 [backend internal] load build definition from Dockerfile
#1 transferring dockerfile:
#1 transferring dockerfile: 377B 0.0s done
#1 DONE 0.8s

#2 [backend internal] load metadata for docker.io/library/eclipse-temurin:21-jre-alpine
#2 ...

#3 [backend auth] library/eclipse-temurin:pull token for registry-1.docker.io
#3 DONE 0.0s

#4 [backend auth] library/maven:pull token for registry-1.docker.io
#4 DONE 0.0s

#5 [backend internal] load metadata for docker.io/library/maven:3.9.6-eclipse-temurin-21-alpine
#5 DONE 5.0s

#2 [backend internal] load metadata for docker.io/library/eclipse-temurin:21-jre-alpine
#2 DONE 5.2s

#6 [backend internal] load .dockerignore
#6 transferring context:
#6 transferring context: 2B done
#6 DONE 0.7s

#7 [backend internal] load build context
#7 DONE 0.0s

#8 [backend stage-1 1/3] FROM docker.io/library/eclipse-temurin:21-jre-alpine@sha256:4e9ab608d97796571b1d5bbcd1c9f430a89a5f03fe5aa6c093888ceb6756c502
#8 resolve docker.io/library/eclipse-temurin:21-jre-alpine@sha256:4e9ab608d97796571b1d5bbcd1c9f430a89a5f03fe5aa6c093888ceb6756c502
#8 resolve docker.io/library/eclipse-temurin:21-jre-alpine@sha256:4e9ab608d97796571b1d5bbcd1c9f430a89a5f03fe5aa6c093888ceb6756c502 0.7s done
#8 DONE 0.8s

#9 [backend build 1/5] FROM docker.io/library/maven:3.9.6-eclipse-temurin-21-alpine@sha256:9fca6934e64eff26860889804faecb71a522d04b4ebf05574140c71f8e9bc700
#9 resolve docker.io/library/maven:3.9.6-eclipse-temurin-21-alpine@sha256:9fca6934e64eff26860889804faecb71a522d04b4ebf05574140c71f8e9bc700
#9 resolve docker.io/library/maven:3.9.6-eclipse-temurin-21-alpine@sha256:9fca6934e64eff26860889804faecb71a522d04b4ebf05574140c71f8e9bc700 0.7s done
#9 ...

#7 [backend internal] load build context
#7 transferring context: 10.21kB 0.8s done
#7 DONE 3.4s

#8 [backend stage-1 1/3] FROM docker.io/library/eclipse-temurin:21-jre-alpine@sha256:4e9ab608d97796571b1d5bbcd1c9f430a89a5f03fe5aa6c093888ceb6756c502
#8 DONE 6.4s

#9 [backend build 1/5] FROM docker.io/library/maven:3.9.6-eclipse-temurin-21-alpine@sha256:9fca6934e64eff26860889804faecb71a522d04b4ebf05574140c71f8e9bc700
#9 ...

#8 [backend stage-1 1/3] FROM docker.io/library/eclipse-temurin:21-jre-alpine@sha256:4e9ab608d97796571b1d5bbcd1c9f430a89a5f03fe5aa6c093888ceb6756c502
#8 sha256:729fc64ae8c10531863e7742349517e1e33610a8cbe4504a9254c56eb71e3f54 0B / 53.04MB 0.2s
#8 sha256:28bd5515264539666818f51e15663ee3b05d92b9b81fa4e187ed9e3a6594bc53 0B / 128B 0.2s
#8 sha256:2fa1f65d07a350139d7390033a591e07d865c082f4b458bb56ff38bc143349c8 0B / 2.28kB 0.2s
#8 sha256:c3f73af09931e6a98f19eff15f289cbb5720aa61efbdcb756e1b1328c6a3029f 0B / 16.18MB 0.2s
#8 sha256:28bd5515264539666818f51e15663ee3b05d92b9b81fa4e187ed9e3a6594bc53 128B / 128B 1.2s done
#8 sha256:2fa1f65d07a350139d7390033a591e07d865c082f4b458bb56ff38bc143349c8 2.28kB / 2.28kB 1.1s
#8 sha256:2fa1f65d07a350139d7390033a591e07d865c082f4b458bb56ff38bc143349c8 2.28kB / 2.28kB 1.2s done
#8 ...

#9 [backend build 1/5] FROM docker.io/library/maven:3.9.6-eclipse-temurin-21-alpine@sha256:9fca6934e64eff26860889804faecb71a522d04b4ebf05574140c71f8e9bc700
#9 DONE 9.9s

#8 [backend stage-1 1/3] FROM docker.io/library/eclipse-temurin:21-jre-alpine@sha256:4e9ab608d97796571b1d5bbcd1c9f430a89a5f03fe5aa6c093888ceb6756c502
#8 sha256:c3f73af09931e6a98f19eff15f289cbb5720aa61efbdcb756e1b1328c6a3029f 1.05MB / 16.18MB 1.5s
#8 sha256:c3f73af09931e6a98f19eff15f289cbb5720aa61efbdcb756e1b1328c6a3029f 2.10MB / 16.18MB 3.8s
#8 sha256:729fc64ae8c10531863e7742349517e1e33610a8cbe4504a9254c56eb71e3f54 3.15MB / 53.04MB 5.1s
#8 sha256:c3f73af09931e6a98f19eff15f289cbb5720aa61efbdcb756e1b1328c6a3029f 2.10MB / 16.18MB 8.9s
#8 sha256:729fc64ae8c10531863e7742349517e1e33610a8cbe4504a9254c56eb71e3f54 4.19MB / 53.04MB 10.2s
#8 ...

#9 [backend build 1/5] FROM docker.io/library/maven:3.9.6-eclipse-temurin-21-alpine@sha256:9fca6934e64eff26860889804faecb71a522d04b4ebf05574140c71f8e9bc700
#9 sha256:7e722d737bbd5dd4351055faf370e49f423d0a2e0a17b4c53a016e67f696f2ef 166B / 166B 1.8s done
#9 sha256:8ff4da6a492758889aa2cbf4afd78a0e5d4207c220fc1223ec14c18c804a85a9 356B / 356B 1.7s done
#9 sha256:540694c720cbd708e09b028767c62cb967a3d709cd90aa78e77f6b9cb0aa7382 859B / 859B 0.7s done
#9 sha256:ec15566577b4d26ae9fdfcd188da863ed271a1cfd26cc464c2c48615aa9312a0 3.15MB / 9.48MB 7.5s
#9 sha256:b5f8bba899ea074bfd311ba2049f23325f87adb5cd35051127520606f519adf6 0B / 2.63MB 6.9s
#9 ...

#8 [backend stage-1 1/3] FROM docker.io/library/eclipse-temurin:21-jre-alpine@sha256:4e9ab608d97796571b1d5bbcd1c9f430a89a5f03fe5aa6c093888ceb6756c502
#8 sha256:c3f73af09931e6a98f19eff15f289cbb5720aa61efbdcb756e1b1328c6a3029f 3.15MB / 16.18MB 12.3s
#8 sha256:729fc64ae8c10531863e7742349517e1e33610a8cbe4504a9254c56eb71e3f54 5.24MB / 53.04MB 15.3s
#8 sha256:c3f73af09931e6a98f19eff15f289cbb5720aa61efbdcb756e1b1328c6a3029f 3.15MB / 16.18MB 17.4s
#8 sha256:c3f73af09931e6a98f19eff15f289cbb5720aa61efbdcb756e1b1328c6a3029f 4.19MB / 16.18MB 17.7s
#8 sha256:729fc64ae8c10531863e7742349517e1e33610a8cbe4504a9254c56eb71e3f54 6.29MB / 53.04MB 20.4s
#8 ...

#9 [backend build 1/5] FROM docker.io/library/maven:3.9.6-eclipse-temurin-21-alpine@sha256:9fca6934e64eff26860889804faecb71a522d04b4ebf05574140c71f8e9bc700
#9 sha256:ec15566577b4d26ae9fdfcd188da863ed271a1cfd26cc464c2c48615aa9312a0 7.34MB / 9.48MB 17.7s
#9 sha256:b5f8bba899ea074bfd311ba2049f23325f87adb5cd35051127520606f519adf6 2.10MB / 2.63MB 17.1s
#9 ...

#8 [backend stage-1 1/3] FROM docker.io/library/eclipse-temurin:21-jre-alpine@sha256:4e9ab608d97796571b1d5bbcd1c9f430a89a5f03fe5aa6c093888ceb6756c502
#8 sha256:c3f73af09931e6a98f19eff15f289cbb5720aa61efbdcb756e1b1328c6a3029f 5.24MB / 16.18MB 22.1s
#8 sha256:729fc64ae8c10531863e7742349517e1e33610a8cbe4504a9254c56eb71e3f54 7.34MB / 53.04MB 25.5s
#8 sha256:c3f73af09931e6a98f19eff15f289cbb5720aa61efbdcb756e1b1328c6a3029f 6.29MB / 16.18MB 25.5s
#8 sha256:c3f73af09931e6a98f19eff15f289cbb5720aa61efbdcb756e1b1328c6a3029f 7.34MB / 16.18MB 28.4s
#8 sha256:729fc64ae8c10531863e7742349517e1e33610a8cbe4504a9254c56eb71e3f54 8.39MB / 53.04MB 30.6s
#8 ...

#9 [backend build 1/5] FROM docker.io/library/maven:3.9.6-eclipse-temurin-21-alpine@sha256:9fca6934e64eff26860889804faecb71a522d04b4ebf05574140c71f8e9bc700
#9 sha256:ec15566577b4d26ae9fdfcd188da863ed271a1cfd26cc464c2c48615aa9312a0 9.48MB / 9.48MB 23.7s done
#9 sha256:b5f8bba899ea074bfd311ba2049f23325f87adb5cd35051127520606f519adf6 2.63MB / 2.63MB 21.7s done
#9 sha256:45705fa60e5881f3a69ceb008964dcca0e72d626655d99b6d92e4c0834c7131b 717B / 717B 1.5s done
#9 sha256:2e377b89d6767f434b66aef2b55d4397fa1ca4ef205a16f2fc626005be867634 190B / 190B 0.4s done
#9 sha256:332bf309ecf2b86f336452cb3137f9b266c99d9a10612bd124e2f13e0dad9bb3 0B / 158.72MB 2.9s
#9 sha256:a3fd38fd7cf5b8d60c92e1aa46a24527229fb51b451491d35a7028a8a1d0aba4 0B / 13.14MB 2.8s
#9 ...

#8 [backend stage-1 1/3] FROM docker.io/library/eclipse-temurin:21-jre-alpine@sha256:4e9ab608d97796571b1d5bbcd1c9f430a89a5f03fe5aa6c093888ceb6756c502
#8 sha256:c3f73af09931e6a98f19eff15f289cbb5720aa61efbdcb756e1b1328c6a3029f 8.39MB / 16.18MB 31.0s
#8 sha256:729fc64ae8c10531863e7742349517e1e33610a8cbe4504a9254c56eb71e3f54 10.49MB / 53.04MB 35.6s
#8 sha256:c3f73af09931e6a98f19eff15f289cbb5720aa61efbdcb756e1b1328c6a3029f 9.44MB / 16.18MB 35.3s
#8 sha256:729fc64ae8c10531863e7742349517e1e33610a8cbe4504a9254c56eb71e3f54 10.49MB / 53.04MB 40.7s
#8 sha256:c3f73af09931e6a98f19eff15f289cbb5720aa61efbdcb756e1b1328c6a3029f 9.44MB / 16.18MB 40.4s
#8 ...

#9 [backend build 1/5] FROM docker.io/library/maven:3.9.6-eclipse-temurin-21-alpine@sha256:9fca6934e64eff26860889804faecb71a522d04b4ebf05574140c71f8e9bc700
#9 sha256:332bf309ecf2b86f336452cb3137f9b266c99d9a10612bd124e2f13e0dad9bb3 2.10MB / 158.72MB 13.0s
#9 sha256:a3fd38fd7cf5b8d60c92e1aa46a24527229fb51b451491d35a7028a8a1d0aba4 3.15MB / 13.14MB 12.8s
#9 ...

#8 [backend stage-1 1/3] FROM docker.io/library/eclipse-temurin:21-jre-alpine@sha256:4e9ab608d97796571b1d5bbcd1c9f430a89a5f03fe5aa6c093888ceb6756c502
#8 sha256:c3f73af09931e6a98f19eff15f289cbb5720aa61efbdcb756e1b1328c6a3029f 10.49MB / 16.18MB 44.2s
#8 sha256:729fc64ae8c10531863e7742349517e1e33610a8cbe4504a9254c56eb71e3f54 11.53MB / 53.04MB 45.8s
#8 sha256:c3f73af09931e6a98f19eff15f289cbb5720aa61efbdcb756e1b1328c6a3029f 10.49MB / 16.18MB 49.3s
#8 sha256:729fc64ae8c10531863e7742349517e1e33610a8cbe4504a9254c56eb71e3f54 12.58MB / 53.04MB 50.9s
#8 ...

#9 [backend build 1/5] FROM docker.io/library/maven:3.9.6-eclipse-temurin-21-alpine@sha256:9fca6934e64eff26860889804faecb71a522d04b4ebf05574140c71f8e9bc700
#9 sha256:332bf309ecf2b86f336452cb3137f9b266c99d9a10612bd124e2f13e0dad9bb3 3.15MB / 158.72MB 23.0s
#9 sha256:a3fd38fd7cf5b8d60c92e1aa46a24527229fb51b451491d35a7028a8a1d0aba4 6.29MB / 13.14MB 22.9s
#9 ...

#8 [backend stage-1 1/3] FROM docker.io/library/eclipse-temurin:21-jre-alpine@sha256:4e9ab608d97796571b1d5bbcd1c9f430a89a5f03fe5aa6c093888ceb6756c502
#8 sha256:c3f73af09931e6a98f19eff15f289cbb5720aa61efbdcb756e1b1328c6a3029f 11.53MB / 16.18MB 51.1s
#8 sha256:c3f73af09931e6a98f19eff15f289cbb5720aa61efbdcb756e1b1328c6a3029f 12.58MB / 16.18MB 55.3s
#8 sha256:729fc64ae8c10531863e7742349517e1e33610a8cbe4504a9254c56eb71e3f54 13.63MB / 53.04MB 56.0s
#8 sha256:c3f73af09931e6a98f19eff15f289cbb5720aa61efbdcb756e1b1328c6a3029f 13.63MB / 16.18MB 59.3s
#8 ...

#9 [backend build 1/5] FROM docker.io/library/maven:3.9.6-eclipse-temurin-21-alpine@sha256:9fca6934e64eff26860889804faecb71a522d04b4ebf05574140c71f8e9bc700
#9 sha256:332bf309ecf2b86f336452cb3137f9b266c99d9a10612bd124e2f13e0dad9bb3 6.29MB / 158.72MB 32.0s
#9 sha256:a3fd38fd7cf5b8d60c92e1aa46a24527229fb51b451491d35a7028a8a1d0aba4 8.39MB / 13.14MB 31.9s
#9 ...

#8 [backend stage-1 1/3] FROM docker.io/library/eclipse-temurin:21-jre-alpine@sha256:4e9ab608d97796571b1d5bbcd1c9f430a89a5f03fe5aa6c093888ceb6756c502
#8 sha256:729fc64ae8c10531863e7742349517e1e33610a8cbe4504a9254c56eb71e3f54 15.73MB / 53.04MB 61.1s
#8 sha256:c3f73af09931e6a98f19eff15f289cbb5720aa61efbdcb756e1b1328c6a3029f 14.68MB / 16.18MB 63.1s
#8 sha256:729fc64ae8c10531863e7742349517e1e33610a8cbe4504a9254c56eb71e3f54 16.78MB / 53.04MB 66.2s
#8 sha256:c3f73af09931e6a98f19eff15f289cbb5720aa61efbdcb756e1b1328c6a3029f 15.73MB / 16.18MB 67.1s
#8 sha256:c3f73af09931e6a98f19eff15f289cbb5720aa61efbdcb756e1b1328c6a3029f 16.18MB / 16.18MB 69.4s done
#8 ...

#9 [backend build 1/5] FROM docker.io/library/maven:3.9.6-eclipse-temurin-21-alpine@sha256:9fca6934e64eff26860889804faecb71a522d04b4ebf05574140c71f8e9bc700
#9 sha256:332bf309ecf2b86f336452cb3137f9b266c99d9a10612bd124e2f13e0dad9bb3 8.39MB / 158.72MB 41.9s
#9 sha256:a3fd38fd7cf5b8d60c92e1aa46a24527229fb51b451491d35a7028a8a1d0aba4 11.53MB / 13.14MB 41.8s
#9 sha256:4abcf20661432fb2d719aaf90656f55c287f8ca915dc1c92ec14ff61e67fbaf8 0B / 3.41MB 0.3s
#9 ...

#8 [backend stage-1 1/3] FROM docker.io/library/eclipse-temurin:21-jre-alpine@sha256:4e9ab608d97796571b1d5bbcd1c9f430a89a5f03fe5aa6c093888ceb6756c502
#8 extracting sha256:c3f73af09931e6a98f19eff15f289cbb5720aa61efbdcb756e1b1328c6a3029f
#8 sha256:729fc64ae8c10531863e7742349517e1e33610a8cbe4504a9254c56eb71e3f54 17.83MB / 53.04MB 71.3s
#8 extracting sha256:c3f73af09931e6a98f19eff15f289cbb5720aa61efbdcb756e1b1328c6a3029f 1.1s done
#8 sha256:729fc64ae8c10531863e7742349517e1e33610a8cbe4504a9254c56eb71e3f54 18.87MB / 53.04MB 76.4s
#8 ...

#9 [backend build 1/5] FROM docker.io/library/maven:3.9.6-eclipse-temurin-21-alpine@sha256:9fca6934e64eff26860889804faecb71a522d04b4ebf05574140c71f8e9bc700
#9 sha256:332bf309ecf2b86f336452cb3137f9b266c99d9a10612bd124e2f13e0dad9bb3 9.44MB / 158.72MB 48.8s
#9 sha256:a3fd38fd7cf5b8d60c92e1aa46a24527229fb51b451491d35a7028a8a1d0aba4 13.14MB / 13.14MB 48.7s
#9 sha256:4abcf20661432fb2d719aaf90656f55c287f8ca915dc1c92ec14ff61e67fbaf8 1.05MB / 3.41MB 7.2s
#9 sha256:4abcf20661432fb2d719aaf90656f55c287f8ca915dc1c92ec14ff61e67fbaf8 2.10MB / 3.41MB 7.7s
#9 sha256:a3fd38fd7cf5b8d60c92e1aa46a24527229fb51b451491d35a7028a8a1d0aba4 13.14MB / 13.14MB 49.4s done
#9 sha256:4abcf20661432fb2d719aaf90656f55c287f8ca915dc1c92ec14ff61e67fbaf8 3.15MB / 3.41MB 10.5s
#9 sha256:4abcf20661432fb2d719aaf90656f55c287f8ca915dc1c92ec14ff61e67fbaf8 3.41MB / 3.41MB 11.3s
#9 sha256:4abcf20661432fb2d719aaf90656f55c287f8ca915dc1c92ec14ff61e67fbaf8 3.41MB / 3.41MB 11.3s done
#9 extracting sha256:4abcf20661432fb2d719aaf90656f55c287f8ca915dc1c92ec14ff61e67fbaf8
#9 sha256:332bf309ecf2b86f336452cb3137f9b266c99d9a10612bd124e2f13e0dad9bb3 11.53MB / 158.72MB 53.9s
#9 extracting sha256:4abcf20661432fb2d719aaf90656f55c287f8ca915dc1c92ec14ff61e67fbaf8 0.6s done
#9 extracting sha256:a3fd38fd7cf5b8d60c92e1aa46a24527229fb51b451491d35a7028a8a1d0aba4
#9 extracting sha256:a3fd38fd7cf5b8d60c92e1aa46a24527229fb51b451491d35a7028a8a1d0aba4 0.9s done
#9 sha256:332bf309ecf2b86f336452cb3137f9b266c99d9a10612bd124e2f13e0dad9bb3 14.68MB / 158.72MB 59.0s
#9 ...

#8 [backend stage-1 1/3] FROM docker.io/library/eclipse-temurin:21-jre-alpine@sha256:4e9ab608d97796571b1d5bbcd1c9f430a89a5f03fe5aa6c093888ceb6756c502
#8 sha256:729fc64ae8c10531863e7742349517e1e33610a8cbe4504a9254c56eb71e3f54 23.07MB / 53.04MB 87.4s
#8 ...

#9 [backend build 1/5] FROM docker.io/library/maven:3.9.6-eclipse-temurin-21-alpine@sha256:9fca6934e64eff26860889804faecb71a522d04b4ebf05574140c71f8e9bc700
#9 sha256:332bf309ecf2b86f336452cb3137f9b266c99d9a10612bd124e2f13e0dad9bb3 17.83MB / 158.72MB 64.2s
#9 ...

#8 [backend stage-1 1/3] FROM docker.io/library/eclipse-temurin:21-jre-alpine@sha256:4e9ab608d97796571b1d5bbcd1c9f430a89a5f03fe5aa6c093888ceb6756c502
#8 sha256:729fc64ae8c10531863e7742349517e1e33610a8cbe4504a9254c56eb71e3f54 28.31MB / 53.04MB 96.3s
#8 ...

#9 [backend build 1/5] FROM docker.io/library/maven:3.9.6-eclipse-temurin-21-alpine@sha256:9fca6934e64eff26860889804faecb71a522d04b4ebf05574140c71f8e9bc700
#9 sha256:332bf309ecf2b86f336452cb3137f9b266c99d9a10612bd124e2f13e0dad9bb3 20.97MB / 158.72MB 69.3s
#9 sha256:332bf309ecf2b86f336452cb3137f9b266c99d9a10612bd124e2f13e0dad9bb3 23.07MB / 158.72MB 74.4s
#9 ...

#8 [backend stage-1 1/3] FROM docker.io/library/eclipse-temurin:21-jre-alpine@sha256:4e9ab608d97796571b1d5bbcd1c9f430a89a5f03fe5aa6c093888ceb6756c502
#8 sha256:729fc64ae8c10531863e7742349517e1e33610a8cbe4504a9254c56eb71e3f54 32.51MB / 53.04MB 106.5s
#8 ...

#9 [backend build 1/5] FROM docker.io/library/maven:3.9.6-eclipse-temurin-21-alpine@sha256:9fca6934e64eff26860889804faecb71a522d04b4ebf05574140c71f8e9bc700
#9 sha256:332bf309ecf2b86f336452cb3137f9b266c99d9a10612bd124e2f13e0dad9bb3 24.12MB / 158.72MB 79.5s
#9 sha256:332bf309ecf2b86f336452cb3137f9b266c99d9a10612bd124e2f13e0dad9bb3 25.17MB / 158.72MB 84.6s
#9 ...

#8 [backend stage-1 1/3] FROM docker.io/library/eclipse-temurin:21-jre-alpine@sha256:4e9ab608d97796571b1d5bbcd1c9f430a89a5f03fe5aa6c093888ceb6756c502
#8 sha256:729fc64ae8c10531863e7742349517e1e33610a8cbe4504a9254c56eb71e3f54 37.75MB / 53.04MB 116.8s
#8 ...

#9 [backend build 1/5] FROM docker.io/library/maven:3.9.6-eclipse-temurin-21-alpine@sha256:9fca6934e64eff26860889804faecb71a522d04b4ebf05574140c71f8e9bc700
#9 sha256:332bf309ecf2b86f336452cb3137f9b266c99d9a10612bd124e2f13e0dad9bb3 28.31MB / 158.72MB 89.7s
#9 sha256:332bf309ecf2b86f336452cb3137f9b266c99d9a10612bd124e2f13e0dad9bb3 31.46MB / 158.72MB 94.7s
#9 ...

#8 [backend stage-1 1/3] FROM docker.io/library/eclipse-temurin:21-jre-alpine@sha256:4e9ab608d97796571b1d5bbcd1c9f430a89a5f03fe5aa6c093888ceb6756c502
#8 sha256:729fc64ae8c10531863e7742349517e1e33610a8cbe4504a9254c56eb71e3f54 41.94MB / 53.04MB 126.1s
#8 ...

#9 [backend build 1/5] FROM docker.io/library/maven:3.9.6-eclipse-temurin-21-alpine@sha256:9fca6934e64eff26860889804faecb71a522d04b4ebf05574140c71f8e9bc700
#9 sha256:332bf309ecf2b86f336452cb3137f9b266c99d9a10612bd124e2f13e0dad9bb3 33.55MB / 158.72MB 99.8s
#9 sha256:332bf309ecf2b86f336452cb3137f9b266c99d9a10612bd124e2f13e0dad9bb3 35.65MB / 158.72MB 104.9s
#9 ...

#8 [backend stage-1 1/3] FROM docker.io/library/eclipse-temurin:21-jre-alpine@sha256:4e9ab608d97796571b1d5bbcd1c9f430a89a5f03fe5aa6c093888ceb6756c502
#8 sha256:729fc64ae8c10531863e7742349517e1e33610a8cbe4504a9254c56eb71e3f54 47.19MB / 53.04MB 136.3s
#8 ...

#9 [backend build 1/5] FROM docker.io/library/maven:3.9.6-eclipse-temurin-21-alpine@sha256:9fca6934e64eff26860889804faecb71a522d04b4ebf05574140c71f8e9bc700
#9 sha256:332bf309ecf2b86f336452cb3137f9b266c99d9a10612bd124e2f13e0dad9bb3 38.80MB / 158.72MB 110.0s
#9 sha256:332bf309ecf2b86f336452cb3137f9b266c99d9a10612bd124e2f13e0dad9bb3 40.89MB / 158.72MB 115.1s
#9 ...

#8 [backend stage-1 1/3] FROM docker.io/library/eclipse-temurin:21-jre-alpine@sha256:4e9ab608d97796571b1d5bbcd1c9f430a89a5f03fe5aa6c093888ceb6756c502
#8 sha256:729fc64ae8c10531863e7742349517e1e33610a8cbe4504a9254c56eb71e3f54 53.04MB / 53.04MB 146.6s
#8 ...

#9 [backend build 1/5] FROM docker.io/library/maven:3.9.6-eclipse-temurin-21-alpine@sha256:9fca6934e64eff26860889804faecb71a522d04b4ebf05574140c71f8e9bc700
#9 ...

#8 [backend stage-1 1/3] FROM docker.io/library/eclipse-temurin:21-jre-alpine@sha256:4e9ab608d97796571b1d5bbcd1c9f430a89a5f03fe5aa6c093888ceb6756c502
#8 sha256:729fc64ae8c10531863e7742349517e1e33610a8cbe4504a9254c56eb71e3f54 53.04MB / 53.04MB 146.9s done
#8 DONE 153.7s

#9 [backend build 1/5] FROM docker.io/library/maven:3.9.6-eclipse-temurin-21-alpine@sha256:9fca6934e64eff26860889804faecb71a522d04b4ebf05574140c71f8e9bc700
#9 ...

#8 [backend stage-1 1/3] FROM docker.io/library/eclipse-temurin:21-jre-alpine@sha256:4e9ab608d97796571b1d5bbcd1c9f430a89a5f03fe5aa6c093888ceb6756c502
#8 extracting sha256:729fc64ae8c10531863e7742349517e1e33610a8cbe4504a9254c56eb71e3f54 1.6s done
#8 extracting sha256:28bd5515264539666818f51e15663ee3b05d92b9b81fa4e187ed9e3a6594bc53 0.5s done
#8 DONE 155.0s

#8 [backend stage-1 1/3] FROM docker.io/library/eclipse-temurin:21-jre-alpine@sha256:4e9ab608d97796571b1d5bbcd1c9f430a89a5f03fe5aa6c093888ceb6756c502
#8 extracting sha256:2fa1f65d07a350139d7390033a591e07d865c082f4b458bb56ff38bc143349c8
#8 extracting sha256:2fa1f65d07a350139d7390033a591e07d865c082f4b458bb56ff38bc143349c8 0.5s done
#8 DONE 155.5s

#9 [backend build 1/5] FROM docker.io/library/maven:3.9.6-eclipse-temurin-21-alpine@sha256:9fca6934e64eff26860889804faecb71a522d04b4ebf05574140c71f8e9bc700
#9 sha256:332bf309ecf2b86f336452cb3137f9b266c99d9a10612bd124e2f13e0dad9bb3 46.14MB / 158.72MB 120.6s
#9 ...

#10 [backend stage-1 2/3] WORKDIR /app
#10 DONE 4.4s

#9 [backend build 1/5] FROM docker.io/library/maven:3.9.6-eclipse-temurin-21-alpine@sha256:9fca6934e64eff26860889804faecb71a522d04b4ebf05574140c71f8e9bc700
#9 sha256:332bf309ecf2b86f336452cb3137f9b266c99d9a10612bd124e2f13e0dad9bb3 51.38MB / 158.72MB 125.7s
#9 sha256:332bf309ecf2b86f336452cb3137f9b266c99d9a10612bd124e2f13e0dad9bb3 56.62MB / 158.72MB 130.8s
#9 sha256:332bf309ecf2b86f336452cb3137f9b266c99d9a10612bd124e2f13e0dad9bb3 61.87MB / 158.72MB 135.9s
#9 sha256:332bf309ecf2b86f336452cb3137f9b266c99d9a10612bd124e2f13e0dad9bb3 67.11MB / 158.72MB 141.0s
#9 sha256:332bf309ecf2b86f336452cb3137f9b266c99d9a10612bd124e2f13e0dad9bb3 71.30MB / 158.72MB 146.1s
#9 sha256:332bf309ecf2b86f336452cb3137f9b266c99d9a10612bd124e2f13e0dad9bb3 77.59MB / 158.72MB 151.1s
#9 sha256:332bf309ecf2b86f336452cb3137f9b266c99d9a10612bd124e2f13e0dad9bb3 82.84MB / 158.72MB 156.2s
#9 sha256:332bf309ecf2b86f336452cb3137f9b266c99d9a10612bd124e2f13e0dad9bb3 88.08MB / 158.72MB 161.3s
#9 sha256:332bf309ecf2b86f336452cb3137f9b266c99d9a10612bd124e2f13e0dad9bb3 93.32MB / 158.72MB 166.4s
#9 sha256:332bf309ecf2b86f336452cb3137f9b266c99d9a10612bd124e2f13e0dad9bb3 98.57MB / 158.72MB 171.5s
#9 sha256:332bf309ecf2b86f336452cb3137f9b266c99d9a10612bd124e2f13e0dad9bb3 104.86MB / 158.72MB 176.6s
#9 sha256:332bf309ecf2b86f336452cb3137f9b266c99d9a10612bd124e2f13e0dad9bb3 110.10MB / 158.72MB 181.7s
#9 sha256:332bf309ecf2b86f336452cb3137f9b266c99d9a10612bd124e2f13e0dad9bb3 115.34MB / 158.72MB 186.8s
#9 sha256:332bf309ecf2b86f336452cb3137f9b266c99d9a10612bd124e2f13e0dad9bb3 120.59MB / 158.72MB 191.9s
#9 sha256:332bf309ecf2b86f336452cb3137f9b266c99d9a10612bd124e2f13e0dad9bb3 124.78MB / 158.72MB 197.0s
#9 sha256:332bf309ecf2b86f336452cb3137f9b266c99d9a10612bd124e2f13e0dad9bb3 126.88MB / 158.72MB 202.1s
#9 sha256:332bf309ecf2b86f336452cb3137f9b266c99d9a10612bd124e2f13e0dad9bb3 131.07MB / 158.72MB 207.1s
#9 sha256:332bf309ecf2b86f336452cb3137f9b266c99d9a10612bd124e2f13e0dad9bb3 135.27MB / 158.72MB 212.2s
#9 sha256:332bf309ecf2b86f336452cb3137f9b266c99d9a10612bd124e2f13e0dad9bb3 138.41MB / 158.72MB 217.3s
#9 sha256:332bf309ecf2b86f336452cb3137f9b266c99d9a10612bd124e2f13e0dad9bb3 141.56MB / 158.72MB 222.4s
#9 sha256:332bf309ecf2b86f336452cb3137f9b266c99d9a10612bd124e2f13e0dad9bb3 144.70MB / 158.72MB 227.5s
#9 sha256:332bf309ecf2b86f336452cb3137f9b266c99d9a10612bd124e2f13e0dad9bb3 148.90MB / 158.72MB 232.6s
#9 sha256:332bf309ecf2b86f336452cb3137f9b266c99d9a10612bd124e2f13e0dad9bb3 153.09MB / 158.72MB 237.6s
#9 sha256:332bf309ecf2b86f336452cb3137f9b266c99d9a10612bd124e2f13e0dad9bb3 155.19MB / 158.72MB 242.7s
#9 sha256:332bf309ecf2b86f336452cb3137f9b266c99d9a10612bd124e2f13e0dad9bb3 156.24MB / 158.72MB 718.3s
#9 sha256:332bf309ecf2b86f336452cb3137f9b266c99d9a10612bd124e2f13e0dad9bb3 156.24MB / 158.72MB 723.4s
#9 sha256:332bf309ecf2b86f336452cb3137f9b266c99d9a10612bd124e2f13e0dad9bb3 156.24MB / 158.72MB 728.5s
#9 sha256:332bf309ecf2b86f336452cb3137f9b266c99d9a10612bd124e2f13e0dad9bb3 156.24MB / 158.72MB 733.6s
#9 sha256:332bf309ecf2b86f336452cb3137f9b266c99d9a10612bd124e2f13e0dad9bb3 156.24MB / 158.72MB 738.8s
#9 sha256:332bf309ecf2b86f336452cb3137f9b266c99d9a10612bd124e2f13e0dad9bb3 156.24MB / 158.72MB 743.9s
#9 sha256:332bf309ecf2b86f336452cb3137f9b266c99d9a10612bd124e2f13e0dad9bb3 156.24MB / 158.72MB 749.0s
#9 sha256:332bf309ecf2b86f336452cb3137f9b266c99d9a10612bd124e2f13e0dad9bb3 156.24MB / 158.72MB 754.1s
#9 sha256:332bf309ecf2b86f336452cb3137f9b266c99d9a10612bd124e2f13e0dad9bb3 156.24MB / 158.72MB 759.2s
#9 sha256:332bf309ecf2b86f336452cb3137f9b266c99d9a10612bd124e2f13e0dad9bb3 156.24MB / 158.72MB 764.2s
#9 sha256:332bf309ecf2b86f336452cb3137f9b266c99d9a10612bd124e2f13e0dad9bb3 156.24MB / 158.72MB 769.4s
#9 sha256:332bf309ecf2b86f336452cb3137f9b266c99d9a10612bd124e2f13e0dad9bb3 156.24MB / 158.72MB 774.4s
#9 sha256:332bf309ecf2b86f336452cb3137f9b266c99d9a10612bd124e2f13e0dad9bb3 156.24MB / 158.72MB 779.6s
#9 sha256:332bf309ecf2b86f336452cb3137f9b266c99d9a10612bd124e2f13e0dad9bb3 156.24MB / 158.72MB 784.7s
#9 sha256:332bf309ecf2b86f336452cb3137f9b266c99d9a10612bd124e2f13e0dad9bb3 156.24MB / 158.72MB 789.8s
#9 sha256:332bf309ecf2b86f336452cb3137f9b266c99d9a10612bd124e2f13e0dad9bb3 156.24MB / 158.72MB 794.8s
#9 sha256:332bf309ecf2b86f336452cb3137f9b266c99d9a10612bd124e2f13e0dad9bb3 156.24MB / 158.72MB 799.9s
#9 sha256:332bf309ecf2b86f336452cb3137f9b266c99d9a10612bd124e2f13e0dad9bb3 156.24MB / 158.72MB 805.0s
#9 sha256:332bf309ecf2b86f336452cb3137f9b266c99d9a10612bd124e2f13e0dad9bb3 156.24MB / 158.72MB 810.1s
#9 sha256:332bf309ecf2b86f336452cb3137f9b266c99d9a10612bd124e2f13e0dad9bb3 156.24MB / 158.72MB 815.2s
#9 sha256:332bf309ecf2b86f336452cb3137f9b266c99d9a10612bd124e2f13e0dad9bb3 156.24MB / 158.72MB 820.3s
#9 sha256:332bf309ecf2b86f336452cb3137f9b266c99d9a10612bd124e2f13e0dad9bb3 156.24MB / 158.72MB 825.3s
#9 sha256:332bf309ecf2b86f336452cb3137f9b266c99d9a10612bd124e2f13e0dad9bb3 156.24MB / 158.72MB 830.4s
#9 sha256:332bf309ecf2b86f336452cb3137f9b266c99d9a10612bd124e2f13e0dad9bb3 156.24MB / 158.72MB 835.5s
#9 sha256:332bf309ecf2b86f336452cb3137f9b266c99d9a10612bd124e2f13e0dad9bb3 156.24MB / 158.72MB 840.6s
#9 sha256:332bf309ecf2b86f336452cb3137f9b266c99d9a10612bd124e2f13e0dad9bb3 156.24MB / 158.72MB 845.7s
#9 sha256:332bf309ecf2b86f336452cb3137f9b266c99d9a10612bd124e2f13e0dad9bb3 156.24MB / 158.72MB 850.8s
#9 sha256:332bf309ecf2b86f336452cb3137f9b266c99d9a10612bd124e2f13e0dad9bb3 156.24MB / 158.72MB 855.9s
#9 sha256:332bf309ecf2b86f336452cb3137f9b266c99d9a10612bd124e2f13e0dad9bb3 156.24MB / 158.72MB 861.0s
#9 sha256:332bf309ecf2b86f336452cb3137f9b266c99d9a10612bd124e2f13e0dad9bb3 156.24MB / 158.72MB 866.1s
#9 sha256:332bf309ecf2b86f336452cb3137f9b266c99d9a10612bd124e2f13e0dad9bb3 156.24MB / 158.72MB 871.2s
#9 sha256:332bf309ecf2b86f336452cb3137f9b266c99d9a10612bd124e2f13e0dad9bb3 156.24MB / 158.72MB 876.3s
#9 sha256:332bf309ecf2b86f336452cb3137f9b266c99d9a10612bd124e2f13e0dad9bb3 156.24MB / 158.72MB 881.4s
#9 sha256:332bf309ecf2b86f336452cb3137f9b266c99d9a10612bd124e2f13e0dad9bb3 156.24MB / 158.72MB 886.5s
#9 sha256:332bf309ecf2b86f336452cb3137f9b266c99d9a10612bd124e2f13e0dad9bb3 156.24MB / 158.72MB 891.6s
#9 sha256:332bf309ecf2b86f336452cb3137f9b266c99d9a10612bd124e2f13e0dad9bb3 156.24MB / 158.72MB 896.7s
#9 sha256:332bf309ecf2b86f336452cb3137f9b266c99d9a10612bd124e2f13e0dad9bb3 156.24MB / 158.72MB 901.8s
#9 sha256:332bf309ecf2b86f336452cb3137f9b266c99d9a10612bd124e2f13e0dad9bb3 156.24MB / 158.72MB 906.9s
#9 sha256:332bf309ecf2b86f336452cb3137f9b266c99d9a10612bd124e2f13e0dad9bb3 156.24MB / 158.72MB 911.9s
#9 sha256:332bf309ecf2b86f336452cb3137f9b266c99d9a10612bd124e2f13e0dad9bb3 156.24MB / 158.72MB 917.0s
#9 sha256:332bf309ecf2b86f336452cb3137f9b266c99d9a10612bd124e2f13e0dad9bb3 156.24MB / 158.72MB 922.1s
#9 sha256:332bf309ecf2b86f336452cb3137f9b266c99d9a10612bd124e2f13e0dad9bb3 156.24MB / 158.72MB 927.2s
#9 sha256:332bf309ecf2b86f336452cb3137f9b266c99d9a10612bd124e2f13e0dad9bb3 156.24MB / 158.72MB 932.3s
#9 sha256:332bf309ecf2b86f336452cb3137f9b266c99d9a10612bd124e2f13e0dad9bb3 156.24MB / 158.72MB 937.4s
#9 sha256:332bf309ecf2b86f336452cb3137f9b266c99d9a10612bd124e2f13e0dad9bb3 156.24MB / 158.72MB 942.5s
#9 sha256:332bf309ecf2b86f336452cb3137f9b266c99d9a10612bd124e2f13e0dad9bb3 156.24MB / 158.72MB 947.6s
#9 sha256:332bf309ecf2b86f336452cb3137f9b266c99d9a10612bd124e2f13e0dad9bb3 156.24MB / 158.72MB 952.7s
#9 sha256:332bf309ecf2b86f336452cb3137f9b266c99d9a10612bd124e2f13e0dad9bb3 156.24MB / 158.72MB 957.8s
#9 sha256:332bf309ecf2b86f336452cb3137f9b266c99d9a10612bd124e2f13e0dad9bb3 156.24MB / 158.72MB 962.9s
#9 sha256:332bf309ecf2b86f336452cb3137f9b266c99d9a10612bd124e2f13e0dad9bb3 156.24MB / 158.72MB 967.9s
#9 sha256:332bf309ecf2b86f336452cb3137f9b266c99d9a10612bd124e2f13e0dad9bb3 156.24MB / 158.72MB 973.0s
#9 sha256:332bf309ecf2b86f336452cb3137f9b266c99d9a10612bd124e2f13e0dad9bb3 156.24MB / 158.72MB 978.1s
#9 sha256:332bf309ecf2b86f336452cb3137f9b266c99d9a10612bd124e2f13e0dad9bb3 156.24MB / 158.72MB 983.2s
#9 sha256:332bf309ecf2b86f336452cb3137f9b266c99d9a10612bd124e2f13e0dad9bb3 156.24MB / 158.72MB 988.3s
#9 sha256:332bf309ecf2b86f336452cb3137f9b266c99d9a10612bd124e2f13e0dad9bb3 156.24MB / 158.72MB 993.4s
#9 sha256:332bf309ecf2b86f336452cb3137f9b266c99d9a10612bd124e2f13e0dad9bb3 156.24MB / 158.72MB 998.5s
#9 sha256:332bf309ecf2b86f336452cb3137f9b266c99d9a10612bd124e2f13e0dad9bb3 156.24MB / 158.72MB 1003.6s
#9 sha256:332bf309ecf2b86f336452cb3137f9b266c99d9a10612bd124e2f13e0dad9bb3 156.24MB / 158.72MB 1008.7s
#9 sha256:332bf309ecf2b86f336452cb3137f9b266c99d9a10612bd124e2f13e0dad9bb3 156.24MB / 158.72MB 1013.8s
#9 sha256:332bf309ecf2b86f336452cb3137f9b266c99d9a10612bd124e2f13e0dad9bb3 156.24MB / 158.72MB 1018.9s
#9 sha256:332bf309ecf2b86f336452cb3137f9b266c99d9a10612bd124e2f13e0dad9bb3 156.24MB / 158.72MB 1024.0s
#9 sha256:332bf309ecf2b86f336452cb3137f9b266c99d9a10612bd124e2f13e0dad9bb3 156.24MB / 158.72MB 1029.1s
#9 sha256:332bf309ecf2b86f336452cb3137f9b266c99d9a10612bd124e2f13e0dad9bb3 156.24MB / 158.72MB 1034.2s
#9 sha256:332bf309ecf2b86f336452cb3137f9b266c99d9a10612bd124e2f13e0dad9bb3 156.24MB / 158.72MB 1039.3s
#9 sha256:332bf309ecf2b86f336452cb3137f9b266c99d9a10612bd124e2f13e0dad9bb3 156.24MB / 158.72MB 1044.4s
#9 sha256:332bf309ecf2b86f336452cb3137f9b266c99d9a10612bd124e2f13e0dad9bb3 156.24MB / 158.72MB 1049.5s
#9 sha256:332bf309ecf2b86f336452cb3137f9b266c99d9a10612bd124e2f13e0dad9bb3 156.24MB / 158.72MB 1054.6s
#9 sha256:332bf309ecf2b86f336452cb3137f9b266c99d9a10612bd124e2f13e0dad9bb3 156.24MB / 158.72MB 1059.7s
#9 sha256:332bf309ecf2b86f336452cb3137f9b266c99d9a10612bd124e2f13e0dad9bb3 156.24MB / 158.72MB 1064.8s
#9 sha256:332bf309ecf2b86f336452cb3137f9b266c99d9a10612bd124e2f13e0dad9bb3 156.24MB / 158.72MB 1069.9s
#9 sha256:332bf309ecf2b86f336452cb3137f9b266c99d9a10612bd124e2f13e0dad9bb3 156.24MB / 158.72MB 1075.0s
#9 sha256:332bf309ecf2b86f336452cb3137f9b266c99d9a10612bd124e2f13e0dad9bb3 156.24MB / 158.72MB 1080.1s
#9 sha256:332bf309ecf2b86f336452cb3137f9b266c99d9a10612bd124e2f13e0dad9bb3 156.24MB / 158.72MB 1085.1s
#9 sha256:332bf309ecf2b86f336452cb3137f9b266c99d9a10612bd124e2f13e0dad9bb3 156.24MB / 158.72MB 1090.2s
#9 sha256:332bf309ecf2b86f336452cb3137f9b266c99d9a10612bd124e2f13e0dad9bb3 156.24MB / 158.72MB 1095.3s
#9 sha256:332bf309ecf2b86f336452cb3137f9b266c99d9a10612bd124e2f13e0dad9bb3 156.24MB / 158.72MB 1100.4s
#9 sha256:332bf309ecf2b86f336452cb3137f9b266c99d9a10612bd124e2f13e0dad9bb3 156.24MB / 158.72MB 1105.5s
#9 sha256:332bf309ecf2b86f336452cb3137f9b266c99d9a10612bd124e2f13e0dad9bb3 156.24MB / 158.72MB 1110.5s
#9 sha256:332bf309ecf2b86f336452cb3137f9b266c99d9a10612bd124e2f13e0dad9bb3 156.24MB / 158.72MB 1115.6s
#9 sha256:332bf309ecf2b86f336452cb3137f9b266c99d9a10612bd124e2f13e0dad9bb3 156.24MB / 158.72MB 1120.7s
#9 sha256:332bf309ecf2b86f336452cb3137f9b266c99d9a10612bd124e2f13e0dad9bb3 156.24MB / 158.72MB 1125.8s
#9 sha256:332bf309ecf2b86f336452cb3137f9b266c99d9a10612bd124e2f13e0dad9bb3 156.24MB / 158.72MB 1130.9s
#9 sha256:332bf309ecf2b86f336452cb3137f9b266c99d9a10612bd124e2f13e0dad9bb3 156.24MB / 158.72MB 1136.0s
#9 sha256:332bf309ecf2b86f336452cb3137f9b266c99d9a10612bd124e2f13e0dad9bb3 156.24MB / 158.72MB 1141.1s
#9 sha256:332bf309ecf2b86f336452cb3137f9b266c99d9a10612bd124e2f13e0dad9bb3 156.24MB / 158.72MB 1146.2s
#9 sha256:332bf309ecf2b86f336452cb3137f9b266c99d9a10612bd124e2f13e0dad9bb3 156.24MB / 158.72MB 1151.3s
#9 sha256:332bf309ecf2b86f336452cb3137f9b266c99d9a10612bd124e2f13e0dad9bb3 156.24MB / 158.72MB 1156.4s
#9 sha256:332bf309ecf2b86f336452cb3137f9b266c99d9a10612bd124e2f13e0dad9bb3 156.24MB / 158.72MB 1161.5s
#9 sha256:332bf309ecf2b86f336452cb3137f9b266c99d9a10612bd124e2f13e0dad9bb3 156.24MB / 158.72MB 1166.6s
#9 sha256:332bf309ecf2b86f336452cb3137f9b266c99d9a10612bd124e2f13e0dad9bb3 156.24MB / 158.72MB 1171.7s
#9 sha256:332bf309ecf2b86f336452cb3137f9b266c99d9a10612bd124e2f13e0dad9bb3 156.24MB / 158.72MB 1176.8s
#9 sha256:332bf309ecf2b86f336452cb3137f9b266c99d9a10612bd124e2f13e0dad9bb3 156.24MB / 158.72MB 1351.8s
#9 sha256:332bf309ecf2b86f336452cb3137f9b266c99d9a10612bd124e2f13e0dad9bb3 156.24MB / 158.72MB 1356.9s
#9 sha256:332bf309ecf2b86f336452cb3137f9b266c99d9a10612bd124e2f13e0dad9bb3 156.24MB / 158.72MB 1362.0s
#9 sha256:332bf309ecf2b86f336452cb3137f9b266c99d9a10612bd124e2f13e0dad9bb3 156.24MB / 158.72MB 1367.1s
#9 sha256:332bf309ecf2b86f336452cb3137f9b266c99d9a10612bd124e2f13e0dad9bb3 156.24MB / 158.72MB 1372.2s
#9 sha256:332bf309ecf2b86f336452cb3137f9b266c99d9a10612bd124e2f13e0dad9bb3 156.24MB / 158.72MB 1377.3s
#9 sha256:332bf309ecf2b86f336452cb3137f9b266c99d9a10612bd124e2f13e0dad9bb3 156.24MB / 158.72MB 1382.4s
#9 sha256:332bf309ecf2b86f336452cb3137f9b266c99d9a10612bd124e2f13e0dad9bb3 156.24MB / 158.72MB 1387.5s
#9 sha256:332bf309ecf2b86f336452cb3137f9b266c99d9a10612bd124e2f13e0dad9bb3 156.24MB / 158.72MB 1392.6s
#9 sha256:332bf309ecf2b86f336452cb3137f9b266c99d9a10612bd124e2f13e0dad9bb3 156.24MB / 158.72MB 1397.7s
#9 sha256:332bf309ecf2b86f336452cb3137f9b266c99d9a10612bd124e2f13e0dad9bb3 156.24MB / 158.72MB 1402.7s
#9 sha256:332bf309ecf2b86f336452cb3137f9b266c99d9a10612bd124e2f13e0dad9bb3 156.24MB / 158.72MB 1407.8s
#9 sha256:332bf309ecf2b86f336452cb3137f9b266c99d9a10612bd124e2f13e0dad9bb3 156.24MB / 158.72MB 1412.9s
#9 sha256:332bf309ecf2b86f336452cb3137f9b266c99d9a10612bd124e2f13e0dad9bb3 156.24MB / 158.72MB 1418.0s
#9 sha256:332bf309ecf2b86f336452cb3137f9b266c99d9a10612bd124e2f13e0dad9bb3 156.24MB / 158.72MB 1423.1s
#9 sha256:332bf309ecf2b86f336452cb3137f9b266c99d9a10612bd124e2f13e0dad9bb3 156.24MB / 158.72MB 1428.2s
#9 sha256:332bf309ecf2b86f336452cb3137f9b266c99d9a10612bd124e2f13e0dad9bb3 156.24MB / 158.72MB 1433.3s
#9 sha256:332bf309ecf2b86f336452cb3137f9b266c99d9a10612bd124e2f13e0dad9bb3 156.24MB / 158.72MB 1438.4s
#9 sha256:332bf309ecf2b86f336452cb3137f9b266c99d9a10612bd124e2f13e0dad9bb3 156.24MB / 158.72MB 1443.5s
#9 sha256:332bf309ecf2b86f336452cb3137f9b266c99d9a10612bd124e2f13e0dad9bb3 156.24MB / 158.72MB 1448.6s
#9 sha256:332bf309ecf2b86f336452cb3137f9b266c99d9a10612bd124e2f13e0dad9bb3 156.24MB / 158.72MB 1453.7s
#9 sha256:332bf309ecf2b86f336452cb3137f9b266c99d9a10612bd124e2f13e0dad9bb3 156.24MB / 158.72MB 1458.8s
#9 sha256:332bf309ecf2b86f336452cb3137f9b266c99d9a10612bd124e2f13e0dad9bb3 156.24MB / 158.72MB 1463.9s
#9 sha256:332bf309ecf2b86f336452cb3137f9b266c99d9a10612bd124e2f13e0dad9bb3 156.24MB / 158.72MB 1469.0s
#9 sha256:332bf309ecf2b86f336452cb3137f9b266c99d9a10612bd124e2f13e0dad9bb3 156.24MB / 158.72MB 1474.1s
#9 sha256:332bf309ecf2b86f336452cb3137f9b266c99d9a10612bd124e2f13e0dad9bb3 156.24MB / 158.72MB 1479.2s
#9 sha256:332bf309ecf2b86f336452cb3137f9b266c99d9a10612bd124e2f13e0dad9bb3 156.24MB / 158.72MB 1484.3s
#9 sha256:332bf309ecf2b86f336452cb3137f9b266c99d9a10612bd124e2f13e0dad9bb3 156.24MB / 158.72MB 1489.3s
#9 sha256:332bf309ecf2b86f336452cb3137f9b266c99d9a10612bd124e2f13e0dad9bb3 156.24MB / 158.72MB 1494.4s
#9 sha256:332bf309ecf2b86f336452cb3137f9b266c99d9a10612bd124e2f13e0dad9bb3 156.24MB / 158.72MB 1499.5s
#9 sha256:332bf309ecf2b86f336452cb3137f9b266c99d9a10612bd124e2f13e0dad9bb3 156.24MB / 158.72MB 1504.6s
#9 sha256:332bf309ecf2b86f336452cb3137f9b266c99d9a10612bd124e2f13e0dad9bb3 156.24MB / 158.72MB 1509.7s
#9 sha256:332bf309ecf2b86f336452cb3137f9b266c99d9a10612bd124e2f13e0dad9bb3 156.24MB / 158.72MB 1514.8s
#9 sha256:332bf309ecf2b86f336452cb3137f9b266c99d9a10612bd124e2f13e0dad9bb3 156.24MB / 158.72MB 1519.9s
#9 sha256:332bf309ecf2b86f336452cb3137f9b266c99d9a10612bd124e2f13e0dad9bb3 156.24MB / 158.72MB 1525.0s
#9 sha256:332bf309ecf2b86f336452cb3137f9b266c99d9a10612bd124e2f13e0dad9bb3 156.24MB / 158.72MB 1530.1s
#9 sha256:332bf309ecf2b86f336452cb3137f9b266c99d9a10612bd124e2f13e0dad9bb3 156.24MB / 158.72MB 1535.2s
#9 sha256:332bf309ecf2b86f336452cb3137f9b266c99d9a10612bd124e2f13e0dad9bb3 156.24MB / 158.72MB 1540.3s
#9 sha256:332bf309ecf2b86f336452cb3137f9b266c99d9a10612bd124e2f13e0dad9bb3 156.24MB / 158.72MB 1545.3s
#9 sha256:332bf309ecf2b86f336452cb3137f9b266c99d9a10612bd124e2f13e0dad9bb3 156.24MB / 158.72MB 1550.4s
